Environment verified: macOS detected with Metal (MPS) hardware acceleration available.

Environment verified: macOS detected with Metal (MPS) hardware acceleration available.

Vocab size: 8,192
Model config: {'sequence_len': 2048, 'vocab_size': 8192, 'n_layer': 3, 'n_head': 2, 'n_kv_head': 2, 'n_embd': 256, 'window_pattern': 'L'}
Parameter counts:
  wte                     : 2,097,152
  value_embeds            : 4,194,304
  lm_head                 : 2,097,152
  transformer_matrices    : 2,359,424
  scalars                 : 6
  total                   : 10,748,038
Estimated FLOPs per token: 4.561382e+07
Scaling AdamW LRs by 1/sqrt(256/768) = 1.732051
Time budget: 300s
Gradient accumulation steps: 2
step 00000 (0.0%) | loss: 9.010935 | lrm: 1.00 | dt: 10048ms | tok/sec: 6,522 | mfu: 0.0% | epoch: 1 | remaining: 300s    step 00001 (0.0%) | loss: 8.933974 | lrm: 1.00 | dt: 6896ms | tok/sec: 9,503 | mfu: 0.0% | epoch: 1 | remaining: 300s    step 00002 (0.0%) | loss: 8.646780 | lrm: 1.00 | dt: 3145ms | tok/sec: 20,835 | mfu: 0.1% | epoch: 1 | remaining: 300s    step 00003 (0.0%) | loss: 8.262325 | lrm: 1.00 | dt: 2383ms | tok/sec: 27,504 | mfu: 0.1% | epoch: 1 | remaining: 300s    step 00004 (0.0%) | loss: 7.956103 | lrm: 1.00 | dt: 2478ms | tok/sec: 26,449 | mfu: 0.1% | epoch: 1 | remaining: 300s    step 00005 (0.0%) | loss: 7.649931 | lrm: 1.00 | dt: 2508ms | tok/sec: 26,125 | mfu: 0.1% | epoch: 1 | remaining: 300s    step 00006 (0.0%) | loss: 7.404899 | lrm: 1.00 | dt: 3838ms | tok/sec: 17,074 | mfu: 0.1% | epoch: 1 | remaining: 300s    step 00007 (0.0%) | loss: 7.205024 | lrm: 1.00 | dt: 31403ms | tok/sec: 2,086 | mfu: 0.0% | epoch: 1 | remaining: 300s    step 00008 (0.0%) | loss: 7.031561 | lrm: 1.00 | dt: 38002ms | tok/sec: 1,724 | mfu: 0.0% | epoch: 1 | remaining: 300s    step 00009 (0.0%) | loss: 6.874647 | lrm: 1.00 | dt: 47035ms | tok/sec: 1,393 | mfu: 0.0% | epoch: 1 | remaining: 300s    step 00010 (0.0%) | loss: 6.737178 | lrm: 1.00 | dt: 46263ms | tok/sec: 1,416 | mfu: 0.0% | epoch: 1 | remaining: 300s    step 00011 (0.0%) | loss: 6.623691 | lrm: 1.00 | dt: 40611ms | tok/sec: 1,613 | mfu: 0.0% | epoch: 1 | remaining: 259s    step 00012 (13.5%) | loss: 6.528854 | lrm: 1.00 | dt: 61866ms | tok/sec: 1,059 | mfu: 0.0% | epoch: 1 | remaining: 198s    step 00013 (34.2%) | loss: 6.455142 | lrm: 1.00 | dt: 61628ms | tok/sec: 1,063 | mfu: 0.0% | epoch: 1 | remaining: 136s    step 00014 (54.7%) | loss: 6.376834 | lrm: 1.00 | dt: 38436ms | tok/sec: 1,705 | mfu: 0.0% | epoch: 1 | remaining: 97s    step 00015 (67.5%) | loss: 6.304372 | lrm: 1.00 | dt: 46564ms | tok/sec: 1,407 | mfu: 0.0% | epoch: 1 | remaining: 51s    step 00016 (83.0%) | loss: 6.240698 | lrm: 0.57 | dt: 44486ms | tok/sec: 1,473 | mfu: 0.0% | epoch: 1 | remaining: 6s    step 00017 (97.9%) | loss: 6.185156 | lrm: 0.07 | dt: 48999ms | tok/sec: 1,337 | mfu: 0.0% | epoch: 1 | remaining: 0s    
---
val_bpb:          2.058078
training_seconds: 342.6
total_seconds:    782.6
peak_vram_mb:     0.0
mfu_percent:      0.01
total_tokens_M:   1.2
num_steps:        18
num_params_M:     10.7
depth:            3
