Environment verified: macOS detected with Metal (MPS) hardware acceleration available.

Environment verified: macOS detected with Metal (MPS) hardware acceleration available.

Vocab size: 8,192
Model config: {'sequence_len': 2048, 'vocab_size': 8192, 'n_layer': 3, 'n_head': 2, 'n_kv_head': 2, 'n_embd': 256, 'window_pattern': 'L'}
Parameter counts:
  wte                     : 2,097,152
  value_embeds            : 4,194,304
  lm_head                 : 2,097,152
  transformer_matrices    : 2,359,424
  scalars                 : 6
  total                   : 10,748,038
Estimated FLOPs per token: 4.561382e+07
Scaling AdamW LRs by 1/sqrt(256/768) = 1.732051
Time budget: 300s
Gradient accumulation steps: 2
step 00000 (0.0%) | loss: 9.010935 | lrm: 1.00 | dt: 20950ms | tok/sec: 3,128 | mfu: 0.0% | epoch: 1 | remaining: 300s    step 00001 (0.0%) | loss: 8.933974 | lrm: 1.00 | dt: 35580ms | tok/sec: 1,841 | mfu: 0.0% | epoch: 1 | remaining: 300s    step 00002 (0.0%) | loss: 8.646714 | lrm: 1.00 | dt: 46886ms | tok/sec: 1,397 | mfu: 0.0% | epoch: 1 | remaining: 300s    step 00003 (0.0%) | loss: 8.262321 | lrm: 1.00 | dt: 31825ms | tok/sec: 2,059 | mfu: 0.0% | epoch: 1 | remaining: 300s    step 00004 (0.0%) | loss: 7.955779 | lrm: 1.00 | dt: 43175ms | tok/sec: 1,517 | mfu: 0.0% | epoch: 1 | remaining: 300s    step 00005 (0.0%) | loss: 7.649247 | lrm: 1.00 | dt: 45177ms | tok/sec: 1,450 | mfu: 0.0% | epoch: 1 | remaining: 300s    step 00006 (0.0%) | loss: 7.404120 | lrm: 1.00 | dt: 28867ms | tok/sec: 2,270 | mfu: 0.0% | epoch: 1 | remaining: 300s    step 00007 (0.0%) | loss: 7.204103 | lrm: 1.00 | dt: 20171ms | tok/sec: 3,249 | mfu: 0.0% | epoch: 1 | remaining: 300s    step 00008 (0.0%) | loss: 7.030600 | lrm: 1.00 | dt: 44104ms | tok/sec: 1,485 | mfu: 0.0% | epoch: 1 | remaining: 300s    step 00009 (0.0%) | loss: 6.873729 | lrm: 1.00 | dt: 57437ms | tok/sec: 1,141 | mfu: 0.0% | epoch: 1 | remaining: 300s    step 00010 (0.0%) | loss: 6.736388 | lrm: 1.00 | dt: 48829ms | tok/sec: 1,342 | mfu: 0.0% | epoch: 1 | remaining: 300s    step 00011 (0.0%) | loss: 6.623022 | lrm: 1.00 | dt: 57436ms | tok/sec: 1,141 | mfu: 0.0% | epoch: 1 | remaining: 243s    step 00012 (19.1%) | loss: 6.528153 | lrm: 1.00 | dt: 58235ms | tok/sec: 1,125 | mfu: 0.0% | epoch: 1 | remaining: 184s    step 00013 (38.6%) | loss: 6.454525 | lrm: 1.00 | dt: 52535ms | tok/sec: 1,247 | mfu: 0.0% | epoch: 1 | remaining: 132s    step 00014 (56.1%) | loss: 6.376360 | lrm: 1.00 | dt: 42247ms | tok/sec: 1,551 | mfu: 0.0% | epoch: 1 | remaining: 90s    step 00015 (70.2%) | loss: 6.303929 | lrm: 1.00 | dt: 69091ms | tok/sec: 948 | mfu: 0.0% | epoch: 1 | remaining: 20s    step 00016 (93.2%) | loss: 6.240143 | lrm: 0.27 | dt: 55567ms | tok/sec: 1,179 | mfu: 0.0% | epoch: 1 | remaining: 0s    
---
val_bpb:          2.062247
training_seconds: 335.1
total_seconds:    1011.7
peak_vram_mb:     0.0
mfu_percent:      0.01
total_tokens_M:   1.1
num_steps:        17
num_params_M:     10.7
depth:            3
